<?xml version="1.0" encoding="UTF-8"?>
<testng-results skipped="0" failed="0" ignored="0" total="1" passed="1">
  <reporter-output>
  </reporter-output>
  <suite name="Suite" duration-ms="35248" started-at="2020-09-08T07:36:06Z" finished-at="2020-09-08T07:36:41Z">
    <groups>
      <group name="cucumber">
        <method signature="AbstractTestNGCucumberTests.feature(cucumber.api.testng.CucumberFeatureWrapper)[pri:0, instance:Runner.MyRunner@24a1c17f]" name="feature" class="cucumber.api.testng.AbstractTestNGCucumberTests"/>
      </group> <!-- cucumber -->
    </groups>
    <test name="Test" duration-ms="35248" started-at="2020-09-08T07:36:06Z" finished-at="2020-09-08T07:36:41Z">
      <class name="Runner.MyRunner">
        <test-method status="PASS" signature="setUpClass()[pri:0, instance:Runner.MyRunner@24a1c17f]" name="setUpClass" is-config="true" duration-ms="1196" started-at="2020-09-08T07:36:06Z" finished-at="2020-09-08T07:36:07Z">
          <reporter-output>
          </reporter-output>
        </test-method> <!-- setUpClass -->
        <test-method status="PASS" signature="feature(cucumber.api.testng.CucumberFeatureWrapper)[pri:0, instance:Runner.MyRunner@24a1c17f]" name="feature" duration-ms="31351" started-at="2020-09-08T07:36:08Z" description="Runs Cucumber Feature" data-provider="features" finished-at="2020-09-08T07:36:39Z">
          <params>
            <param index="0">
              <value>
                <![CDATA[WordPress Login]]>
              </value>
            </param>
          </params>
          <reporter-output>
          </reporter-output>
        </test-method> <!-- feature -->
        <test-method status="PASS" signature="tearDownClass()[pri:0, instance:Runner.MyRunner@24a1c17f]" name="tearDownClass" is-config="true" duration-ms="1668" started-at="2020-09-08T07:36:40Z" finished-at="2020-09-08T07:36:41Z">
          <reporter-output>
          </reporter-output>
        </test-method> <!-- tearDownClass -->
      </class> <!-- Runner.MyRunner -->
    </test> <!-- Test -->
  </suite> <!-- Suite -->
</testng-results>
